[INFO] 2025-12-11T10:06:36.280Z - Server running on port 5002 {"env":"development"}
[ERROR] 2025-12-11T12:50:16.194Z - [2025-12-11T12:50:16.191Z] 500 - Invalid email or password {"url":"/auth/login","method":"POST"}
[ERROR] 2025-12-11T12:50:22.393Z - [2025-12-11T12:50:22.393Z] 500 - Invalid email or password {"url":"/auth/login","method":"POST"}
[INFO] 2025-12-11T13:11:54.379Z - New client connected: JHjGygMMddFgGBhoAAAB {}
[INFO] 2025-12-11T13:11:54.384Z - User 4 joined notification room {"socketId":"JHjGygMMddFgGBhoAAAB"}
[INFO] 2025-12-11T13:11:54.388Z - Client joined course general {"socketId":"JHjGygMMddFgGBhoAAAB"}
[INFO] 2025-12-11T13:12:29.882Z - Client disconnected: JHjGygMMddFgGBhoAAAB {}
[INFO] 2025-12-11T13:12:53.565Z - New client connected: uxZpanRLq8mMWZ4tAAAD {}
[INFO] 2025-12-11T13:12:53.568Z - User 4 joined notification room {"socketId":"uxZpanRLq8mMWZ4tAAAD"}
[INFO] 2025-12-11T13:12:53.570Z - Client joined course general {"socketId":"uxZpanRLq8mMWZ4tAAAD"}
[INFO] 2025-12-11T13:13:32.087Z - Client disconnected: uxZpanRLq8mMWZ4tAAAD {}
[INFO] 2025-12-11T13:14:51.109Z - New client connected: fI0txFpbc003fpO7AAAF {}
[INFO] 2025-12-11T13:14:51.114Z - User 5 joined notification room {"socketId":"fI0txFpbc003fpO7AAAF"}
[INFO] 2025-12-11T13:14:51.116Z - Client joined course general {"socketId":"fI0txFpbc003fpO7AAAF"}
[INFO] 2025-12-11T13:15:51.257Z - Client disconnected: fI0txFpbc003fpO7AAAF {}
[INFO] 2025-12-11T13:16:53.351Z - New client connected: eseRFd7lD58bI7FWAAAH {}
[INFO] 2025-12-11T13:16:53.357Z - User 6 joined notification room {"socketId":"eseRFd7lD58bI7FWAAAH"}
[INFO] 2025-12-11T13:16:53.360Z - Client joined course general {"socketId":"eseRFd7lD58bI7FWAAAH"}
[INFO] 2025-12-11T13:19:03.096Z - Client disconnected: eseRFd7lD58bI7FWAAAH {}
[INFO] 2025-12-11T13:20:05.173Z - New client connected: FhvPhitJBsjNM0P7AAAJ {}
[INFO] 2025-12-11T13:20:05.183Z - User 7 joined notification room {"socketId":"FhvPhitJBsjNM0P7AAAJ"}
[INFO] 2025-12-11T13:20:05.190Z - Client joined course general {"socketId":"FhvPhitJBsjNM0P7AAAJ"}
[INFO] 2025-12-11T13:28:31.211Z - Client disconnected: FhvPhitJBsjNM0P7AAAJ {}
[INFO] 2025-12-11T13:29:07.465Z - New client connected: EG6eyyRspU1s5-2qAAAL {}
[INFO] 2025-12-11T13:29:07.467Z - User 7 joined notification room {"socketId":"EG6eyyRspU1s5-2qAAAL"}
[INFO] 2025-12-11T13:29:07.469Z - Client joined course general {"socketId":"EG6eyyRspU1s5-2qAAAL"}
[INFO] 2025-12-11T13:31:43.308Z - Client disconnected: EG6eyyRspU1s5-2qAAAL {}
[ERROR] 2025-12-11T13:31:54.523Z - [2025-12-11T13:31:54.523Z] 500 - Invalid email or password {"url":"/auth/login","method":"POST"}
[INFO] 2025-12-11T13:33:25.750Z - New client connected: miE8k0Wh7ECPPKTsAAAN {}
[INFO] 2025-12-11T13:33:25.754Z - User 6 joined notification room {"socketId":"miE8k0Wh7ECPPKTsAAAN"}
[INFO] 2025-12-11T13:33:25.756Z - Client joined course general {"socketId":"miE8k0Wh7ECPPKTsAAAN"}
[INFO] 2025-12-11T13:36:57.953Z - Client disconnected: miE8k0Wh7ECPPKTsAAAN {}
[INFO] 2025-12-11T13:36:57.967Z - New client connected: 8xwayq-Jl_IYu31sAAAP {}
[INFO] 2025-12-11T13:36:57.970Z - User 6 joined notification room {"socketId":"8xwayq-Jl_IYu31sAAAP"}
[INFO] 2025-12-11T13:36:57.972Z - Client joined course general {"socketId":"8xwayq-Jl_IYu31sAAAP"}
[INFO] 2025-12-11T14:27:52.910Z - Server running on port 5002 {"env":"development"}
[INFO] 2025-12-11T16:57:49.527Z - Server running on port 5002 {"env":"development"}
[INFO] 2025-12-11T21:57:33.616Z - Server running on port 5002 {"env":"development"}
[INFO] 2025-12-11T21:58:35.173Z - New client connected: ZA3FGfDosFQKglwXAAAB {}
[INFO] 2025-12-11T21:58:35.178Z - User 6 joined notification room {"socketId":"ZA3FGfDosFQKglwXAAAB"}
[INFO] 2025-12-11T21:58:35.182Z - Client joined course general {"socketId":"ZA3FGfDosFQKglwXAAAB"}
[INFO] 2025-12-11T21:58:35.458Z - New client connected: WDQOX5kPkklFshRkAAAD {}
[INFO] 2025-12-11T21:58:35.464Z - User 6 joined notification room {"socketId":"WDQOX5kPkklFshRkAAAD"}
[INFO] 2025-12-11T21:58:35.467Z - Client joined course general {"socketId":"WDQOX5kPkklFshRkAAAD"}
[INFO] 2025-12-11T21:59:10.408Z - Client disconnected: ZA3FGfDosFQKglwXAAAB {}
[INFO] 2025-12-11T21:59:10.706Z - New client connected: SPYa4wIH9Y00jrVKAAAF {}
[INFO] 2025-12-11T21:59:10.710Z - User 6 joined notification room {"socketId":"SPYa4wIH9Y00jrVKAAAF"}
[INFO] 2025-12-11T21:59:10.714Z - Client joined course general {"socketId":"SPYa4wIH9Y00jrVKAAAF"}
[INFO] 2025-12-11T21:59:15.382Z - Client disconnected: SPYa4wIH9Y00jrVKAAAF {}
[INFO] 2025-12-11T21:59:15.676Z - New client connected: YOckcZwRUC9lIQZ-AAAH {}
[INFO] 2025-12-11T21:59:15.686Z - User 6 joined notification room {"socketId":"YOckcZwRUC9lIQZ-AAAH"}
[INFO] 2025-12-11T21:59:15.690Z - Client joined course general {"socketId":"YOckcZwRUC9lIQZ-AAAH"}
[INFO] 2025-12-11T22:04:27.867Z - New client connected: DV2T1pMvSaJj-ypbAAAJ {}
[INFO] 2025-12-11T22:04:27.875Z - User 8 joined notification room {"socketId":"DV2T1pMvSaJj-ypbAAAJ"}
[INFO] 2025-12-11T22:04:27.879Z - Client joined course general {"socketId":"DV2T1pMvSaJj-ypbAAAJ"}
[INFO] 2025-12-11T22:13:59.740Z - Client disconnected: DV2T1pMvSaJj-ypbAAAJ {}
[INFO] 2025-12-11T22:14:00.762Z - New client connected: u00mjrAsuoZIE5vpAAAL {}
[INFO] 2025-12-11T22:14:00.770Z - User 8 joined notification room {"socketId":"u00mjrAsuoZIE5vpAAAL"}
[INFO] 2025-12-11T22:14:00.781Z - Client joined course general {"socketId":"u00mjrAsuoZIE5vpAAAL"}
[INFO] 2025-12-11T22:25:08.954Z - Client disconnected: WDQOX5kPkklFshRkAAAD {}
[INFO] 2025-12-11T22:25:13.244Z - Client disconnected: YOckcZwRUC9lIQZ-AAAH {}
[INFO] 2025-12-11T23:15:34.603Z - Server running on port 5002 {"env":"development"}
[INFO] 2025-12-11T23:17:40.562Z - New client connected: sOA1MOMTxBh9iXJOAAAB {}
[INFO] 2025-12-11T23:17:40.568Z - User 6 joined notification room {"socketId":"sOA1MOMTxBh9iXJOAAAB"}
[INFO] 2025-12-11T23:17:40.570Z - Client joined course general {"socketId":"sOA1MOMTxBh9iXJOAAAB"}
[INFO] 2025-12-11T23:34:03.060Z - Client disconnected: sOA1MOMTxBh9iXJOAAAB {}
[INFO] 2025-12-11T23:49:10.941Z - Server running on port 5002 {"env":"development"}
[INFO] 2025-12-11T23:59:30.403Z - Server running on port 5002 {"env":"development"}
