[INFO] 2025-12-12T00:04:21.921Z - Server running on port 5002 {"env":"development"}
[INFO] 2025-12-12T00:05:07.304Z - New client connected: r-beBtIeWmw2qdFwAAAB {}
[INFO] 2025-12-12T00:05:07.312Z - User 6 joined notification room {"socketId":"r-beBtIeWmw2qdFwAAAB"}
[INFO] 2025-12-12T00:05:07.314Z - Client joined course general {"socketId":"r-beBtIeWmw2qdFwAAAB"}
[INFO] 2025-12-12T00:26:07.345Z - Client disconnected: r-beBtIeWmw2qdFwAAAB {}
[INFO] 2025-12-12T00:35:41.691Z - Server running on port 5002 {"env":"development"}
[INFO] 2025-12-12T00:36:24.515Z - New client connected: pOLFxYD4svabFjMcAAAB {}
[INFO] 2025-12-12T00:36:24.519Z - User 8 joined notification room {"socketId":"pOLFxYD4svabFjMcAAAB"}
[INFO] 2025-12-12T00:36:24.530Z - Client joined course general {"socketId":"pOLFxYD4svabFjMcAAAB"}
[ERROR] 2025-12-12T00:36:24.573Z - Error in getTodayClasses: {"message":"Server requests authentication using unknown plugin auth_gssapi_client. See TODO: add plugins doco here on how to configure or author authentication plugins.","code":"AUTH_SWITCH_PLUGIN_ERROR"}
[ERROR] 2025-12-12T00:36:24.575Z - Error fetching today classes: {"message":"Server requests authentication using unknown plugin auth_gssapi_client. See TODO: add plugins doco here on how to configure or author authentication plugins.","code":"AUTH_SWITCH_PLUGIN_ERROR"}
[ERROR] 2025-12-12T00:36:24.578Z - Error in getLecturerOverview: {"message":"Server requests authentication using unknown plugin auth_gssapi_client. See TODO: add plugins doco here on how to configure or author authentication plugins.","code":"AUTH_SWITCH_PLUGIN_ERROR"}
[ERROR] 2025-12-12T00:36:24.580Z - Error fetching lecturer overview: {"message":"Server requests authentication using unknown plugin auth_gssapi_client. See TODO: add plugins doco here on how to configure or author authentication plugins.","code":"AUTH_SWITCH_PLUGIN_ERROR"}
[ERROR] 2025-12-12T00:36:24.591Z - Error in getLiveRoster: {"message":"Server requests authentication using unknown plugin auth_gssapi_client. See TODO: add plugins doco here on how to configure or author authentication plugins.","code":"AUTH_SWITCH_PLUGIN_ERROR"}
[ERROR] 2025-12-12T00:36:24.593Z - Error fetching roster: {"message":"Server requests authentication using unknown plugin auth_gssapi_client. See TODO: add plugins doco here on how to configure or author authentication plugins.","code":"AUTH_SWITCH_PLUGIN_ERROR"}
[ERROR] 2025-12-12T00:36:41.348Z - Error in getLecturerOverview: {"message":"Server requests authentication using unknown plugin auth_gssapi_client. See TODO: add plugins doco here on how to configure or author authentication plugins.","code":"AUTH_SWITCH_PLUGIN_ERROR"}
[ERROR] 2025-12-12T00:36:41.348Z - Error fetching lecturer overview: {"message":"Server requests authentication using unknown plugin auth_gssapi_client. See TODO: add plugins doco here on how to configure or author authentication plugins.","code":"AUTH_SWITCH_PLUGIN_ERROR"}
[ERROR] 2025-12-12T00:36:41.352Z - Error in getTodayClasses: {"message":"Server requests authentication using unknown plugin auth_gssapi_client. See TODO: add plugins doco here on how to configure or author authentication plugins.","code":"AUTH_SWITCH_PLUGIN_ERROR"}
[ERROR] 2025-12-12T00:36:41.353Z - Error fetching today classes: {"message":"Server requests authentication using unknown plugin auth_gssapi_client. See TODO: add plugins doco here on how to configure or author authentication plugins.","code":"AUTH_SWITCH_PLUGIN_ERROR"}
[ERROR] 2025-12-12T00:36:41.356Z - Error in getLiveRoster: {"message":"Server requests authentication using unknown plugin auth_gssapi_client. See TODO: add plugins doco here on how to configure or author authentication plugins.","code":"AUTH_SWITCH_PLUGIN_ERROR"}
[ERROR] 2025-12-12T00:36:41.358Z - Error fetching roster: {"message":"Server requests authentication using unknown plugin auth_gssapi_client. See TODO: add plugins doco here on how to configure or author authentication plugins.","code":"AUTH_SWITCH_PLUGIN_ERROR"}
[ERROR] 2025-12-12T00:36:44.882Z - Error in getLecturerOverview: {"message":"Server requests authentication using unknown plugin auth_gssapi_client. See TODO: add plugins doco here on how to configure or author authentication plugins.","code":"AUTH_SWITCH_PLUGIN_ERROR"}
[ERROR] 2025-12-12T00:36:44.883Z - Error fetching lecturer overview: {"message":"Server requests authentication using unknown plugin auth_gssapi_client. See TODO: add plugins doco here on how to configure or author authentication plugins.","code":"AUTH_SWITCH_PLUGIN_ERROR"}
[ERROR] 2025-12-12T00:36:44.888Z - Error in getTodayClasses: {"message":"Server requests authentication using unknown plugin auth_gssapi_client. See TODO: add plugins doco here on how to configure or author authentication plugins.","code":"AUTH_SWITCH_PLUGIN_ERROR"}
[ERROR] 2025-12-12T00:36:44.889Z - Error fetching today classes: {"message":"Server requests authentication using unknown plugin auth_gssapi_client. See TODO: add plugins doco here on how to configure or author authentication plugins.","code":"AUTH_SWITCH_PLUGIN_ERROR"}
[ERROR] 2025-12-12T00:36:44.891Z - Error in getLiveRoster: {"message":"Server requests authentication using unknown plugin auth_gssapi_client. See TODO: add plugins doco here on how to configure or author authentication plugins.","code":"AUTH_SWITCH_PLUGIN_ERROR"}
[ERROR] 2025-12-12T00:36:44.892Z - Error fetching roster: {"message":"Server requests authentication using unknown plugin auth_gssapi_client. See TODO: add plugins doco here on how to configure or author authentication plugins.","code":"AUTH_SWITCH_PLUGIN_ERROR"}
[ERROR] 2025-12-12T00:36:53.561Z - Error in getLecturerOverview: {"message":"Server requests authentication using unknown plugin auth_gssapi_client. See TODO: add plugins doco here on how to configure or author authentication plugins.","code":"AUTH_SWITCH_PLUGIN_ERROR"}
[ERROR] 2025-12-12T00:36:53.562Z - Error fetching lecturer overview: {"message":"Server requests authentication using unknown plugin auth_gssapi_client. See TODO: add plugins doco here on how to configure or author authentication plugins.","code":"AUTH_SWITCH_PLUGIN_ERROR"}
[ERROR] 2025-12-12T00:36:53.576Z - Error in getTodayClasses: {"message":"Server requests authentication using unknown plugin auth_gssapi_client. See TODO: add plugins doco here on how to configure or author authentication plugins.","code":"AUTH_SWITCH_PLUGIN_ERROR"}
[ERROR] 2025-12-12T00:36:53.577Z - Error fetching today classes: {"message":"Server requests authentication using unknown plugin auth_gssapi_client. See TODO: add plugins doco here on how to configure or author authentication plugins.","code":"AUTH_SWITCH_PLUGIN_ERROR"}
[ERROR] 2025-12-12T00:36:53.580Z - Error in getLiveRoster: {"message":"Server requests authentication using unknown plugin auth_gssapi_client. See TODO: add plugins doco here on how to configure or author authentication plugins.","code":"AUTH_SWITCH_PLUGIN_ERROR"}
[ERROR] 2025-12-12T00:36:53.587Z - Error fetching roster: {"message":"Server requests authentication using unknown plugin auth_gssapi_client. See TODO: add plugins doco here on how to configure or author authentication plugins.","code":"AUTH_SWITCH_PLUGIN_ERROR"}
[ERROR] 2025-12-12T00:37:43.729Z - Error in getLecturerOverview: {"message":"Server requests authentication using unknown plugin auth_gssapi_client. See TODO: add plugins doco here on how to configure or author authentication plugins.","code":"AUTH_SWITCH_PLUGIN_ERROR"}
[ERROR] 2025-12-12T00:37:43.731Z - Error fetching lecturer overview: {"message":"Server requests authentication using unknown plugin auth_gssapi_client. See TODO: add plugins doco here on how to configure or author authentication plugins.","code":"AUTH_SWITCH_PLUGIN_ERROR"}
[ERROR] 2025-12-12T00:37:43.757Z - Error in getTodayClasses: {"message":"Server requests authentication using unknown plugin auth_gssapi_client. See TODO: add plugins doco here on how to configure or author authentication plugins.","code":"AUTH_SWITCH_PLUGIN_ERROR"}
[ERROR] 2025-12-12T00:37:43.758Z - Error fetching today classes: {"message":"Server requests authentication using unknown plugin auth_gssapi_client. See TODO: add plugins doco here on how to configure or author authentication plugins.","code":"AUTH_SWITCH_PLUGIN_ERROR"}
[ERROR] 2025-12-12T00:37:43.761Z - Error in getLiveRoster: {"message":"Server requests authentication using unknown plugin auth_gssapi_client. See TODO: add plugins doco here on how to configure or author authentication plugins.","code":"AUTH_SWITCH_PLUGIN_ERROR"}
[ERROR] 2025-12-12T00:37:43.762Z - Error fetching roster: {"message":"Server requests authentication using unknown plugin auth_gssapi_client. See TODO: add plugins doco here on how to configure or author authentication plugins.","code":"AUTH_SWITCH_PLUGIN_ERROR"}
[ERROR] 2025-12-12T00:40:10.583Z - Error in getLecturerOverview: {"message":"Server requests authentication using unknown plugin auth_gssapi_client. See TODO: add plugins doco here on how to configure or author authentication plugins.","code":"AUTH_SWITCH_PLUGIN_ERROR"}
[ERROR] 2025-12-12T00:40:10.587Z - Error fetching lecturer overview: {"message":"Server requests authentication using unknown plugin auth_gssapi_client. See TODO: add plugins doco here on how to configure or author authentication plugins.","code":"AUTH_SWITCH_PLUGIN_ERROR"}
[ERROR] 2025-12-12T00:40:10.591Z - Error in getTodayClasses: {"message":"Server requests authentication using unknown plugin auth_gssapi_client. See TODO: add plugins doco here on how to configure or author authentication plugins.","code":"AUTH_SWITCH_PLUGIN_ERROR"}
[ERROR] 2025-12-12T00:40:10.593Z - Error fetching today classes: {"message":"Server requests authentication using unknown plugin auth_gssapi_client. See TODO: add plugins doco here on how to configure or author authentication plugins.","code":"AUTH_SWITCH_PLUGIN_ERROR"}
[ERROR] 2025-12-12T00:40:10.596Z - Error in getLiveRoster: {"message":"Server requests authentication using unknown plugin auth_gssapi_client. See TODO: add plugins doco here on how to configure or author authentication plugins.","code":"AUTH_SWITCH_PLUGIN_ERROR"}
[ERROR] 2025-12-12T00:40:10.598Z - Error fetching roster: {"message":"Server requests authentication using unknown plugin auth_gssapi_client. See TODO: add plugins doco here on how to configure or author authentication plugins.","code":"AUTH_SWITCH_PLUGIN_ERROR"}
[INFO] 2025-12-12T00:40:14.153Z - Client disconnected: pOLFxYD4svabFjMcAAAB {}
[ERROR] 2025-12-12T00:40:14.918Z - Error in getTodayClasses: {"message":"Server requests authentication using unknown plugin auth_gssapi_client. See TODO: add plugins doco here on how to configure or author authentication plugins.","code":"AUTH_SWITCH_PLUGIN_ERROR"}
[ERROR] 2025-12-12T00:40:14.919Z - Error fetching today classes: {"message":"Server requests authentication using unknown plugin auth_gssapi_client. See TODO: add plugins doco here on how to configure or author authentication plugins.","code":"AUTH_SWITCH_PLUGIN_ERROR"}
[ERROR] 2025-12-12T00:40:14.921Z - Error in getLiveRoster: {"message":"Server requests authentication using unknown plugin auth_gssapi_client. See TODO: add plugins doco here on how to configure or author authentication plugins.","code":"AUTH_SWITCH_PLUGIN_ERROR"}
[ERROR] 2025-12-12T00:40:14.923Z - Error fetching roster: {"message":"Server requests authentication using unknown plugin auth_gssapi_client. See TODO: add plugins doco here on how to configure or author authentication plugins.","code":"AUTH_SWITCH_PLUGIN_ERROR"}
[ERROR] 2025-12-12T00:40:14.929Z - Error in getLecturerOverview: {"message":"Server requests authentication using unknown plugin auth_gssapi_client. See TODO: add plugins doco here on how to configure or author authentication plugins.","code":"AUTH_SWITCH_PLUGIN_ERROR"}
[ERROR] 2025-12-12T00:40:14.935Z - Error fetching lecturer overview: {"message":"Server requests authentication using unknown plugin auth_gssapi_client. See TODO: add plugins doco here on how to configure or author authentication plugins.","code":"AUTH_SWITCH_PLUGIN_ERROR"}
[INFO] 2025-12-12T00:40:14.951Z - New client connected: ris0neaL7_4Oqm-SAAAD {}
[INFO] 2025-12-12T00:40:14.960Z - User 8 joined notification room {"socketId":"ris0neaL7_4Oqm-SAAAD"}
[INFO] 2025-12-12T00:40:14.963Z - Client joined course general {"socketId":"ris0neaL7_4Oqm-SAAAD"}
[INFO] 2025-12-12T00:40:17.911Z - Client disconnected: ris0neaL7_4Oqm-SAAAD {}
[INFO] 2025-12-12T00:40:18.116Z - New client connected: K7SkR1jl1fakX_gIAAAF {}
[INFO] 2025-12-12T00:40:18.147Z - User 8 joined notification room {"socketId":"K7SkR1jl1fakX_gIAAAF"}
[INFO] 2025-12-12T00:40:18.149Z - Client joined course general {"socketId":"K7SkR1jl1fakX_gIAAAF"}
[ERROR] 2025-12-12T00:40:18.181Z - Error in getLecturerOverview: {"message":"Server requests authentication using unknown plugin auth_gssapi_client. See TODO: add plugins doco here on how to configure or author authentication plugins.","code":"AUTH_SWITCH_PLUGIN_ERROR"}
[ERROR] 2025-12-12T00:40:18.182Z - Error fetching lecturer overview: {"message":"Server requests authentication using unknown plugin auth_gssapi_client. See TODO: add plugins doco here on how to configure or author authentication plugins.","code":"AUTH_SWITCH_PLUGIN_ERROR"}
[ERROR] 2025-12-12T00:40:18.185Z - Error in getTodayClasses: {"message":"Server requests authentication using unknown plugin auth_gssapi_client. See TODO: add plugins doco here on how to configure or author authentication plugins.","code":"AUTH_SWITCH_PLUGIN_ERROR"}
[ERROR] 2025-12-12T00:40:18.187Z - Error fetching today classes: {"message":"Server requests authentication using unknown plugin auth_gssapi_client. See TODO: add plugins doco here on how to configure or author authentication plugins.","code":"AUTH_SWITCH_PLUGIN_ERROR"}
[ERROR] 2025-12-12T00:40:18.193Z - Error in getLiveRoster: {"message":"Server requests authentication using unknown plugin auth_gssapi_client. See TODO: add plugins doco here on how to configure or author authentication plugins.","code":"AUTH_SWITCH_PLUGIN_ERROR"}
[ERROR] 2025-12-12T00:40:18.196Z - Error fetching roster: {"message":"Server requests authentication using unknown plugin auth_gssapi_client. See TODO: add plugins doco here on how to configure or author authentication plugins.","code":"AUTH_SWITCH_PLUGIN_ERROR"}
[INFO] 2025-12-12T00:40:19.735Z - Client disconnected: K7SkR1jl1fakX_gIAAAF {}
[INFO] 2025-12-12T00:40:19.958Z - New client connected: g0Rvf5lOTxPkJvbXAAAH {}
[INFO] 2025-12-12T00:40:19.991Z - User 8 joined notification room {"socketId":"g0Rvf5lOTxPkJvbXAAAH"}
[INFO] 2025-12-12T00:40:19.992Z - Client joined course general {"socketId":"g0Rvf5lOTxPkJvbXAAAH"}
[ERROR] 2025-12-12T00:40:20.006Z - Error in getTodayClasses: {"message":"Server requests authentication using unknown plugin auth_gssapi_client. See TODO: add plugins doco here on how to configure or author authentication plugins.","code":"AUTH_SWITCH_PLUGIN_ERROR"}
[ERROR] 2025-12-12T00:40:20.006Z - Error fetching today classes: {"message":"Server requests authentication using unknown plugin auth_gssapi_client. See TODO: add plugins doco here on how to configure or author authentication plugins.","code":"AUTH_SWITCH_PLUGIN_ERROR"}
[ERROR] 2025-12-12T00:40:20.009Z - Error in getLecturerOverview: {"message":"Server requests authentication using unknown plugin auth_gssapi_client. See TODO: add plugins doco here on how to configure or author authentication plugins.","code":"AUTH_SWITCH_PLUGIN_ERROR"}
[ERROR] 2025-12-12T00:40:20.010Z - Error fetching lecturer overview: {"message":"Server requests authentication using unknown plugin auth_gssapi_client. See TODO: add plugins doco here on how to configure or author authentication plugins.","code":"AUTH_SWITCH_PLUGIN_ERROR"}
[ERROR] 2025-12-12T00:40:20.013Z - Error in getLiveRoster: {"message":"Server requests authentication using unknown plugin auth_gssapi_client. See TODO: add plugins doco here on how to configure or author authentication plugins.","code":"AUTH_SWITCH_PLUGIN_ERROR"}
[ERROR] 2025-12-12T00:40:20.014Z - Error fetching roster: {"message":"Server requests authentication using unknown plugin auth_gssapi_client. See TODO: add plugins doco here on how to configure or author authentication plugins.","code":"AUTH_SWITCH_PLUGIN_ERROR"}
[ERROR] 2025-12-12T00:41:35.910Z - Error in getLecturerOverview: {"message":"Server requests authentication using unknown plugin auth_gssapi_client. See TODO: add plugins doco here on how to configure or author authentication plugins.","code":"AUTH_SWITCH_PLUGIN_ERROR"}
[ERROR] 2025-12-12T00:41:35.911Z - Error fetching lecturer overview: {"message":"Server requests authentication using unknown plugin auth_gssapi_client. See TODO: add plugins doco here on how to configure or author authentication plugins.","code":"AUTH_SWITCH_PLUGIN_ERROR"}
[ERROR] 2025-12-12T00:41:35.915Z - Error in getLiveRoster: {"message":"Server requests authentication using unknown plugin auth_gssapi_client. See TODO: add plugins doco here on how to configure or author authentication plugins.","code":"AUTH_SWITCH_PLUGIN_ERROR"}
[ERROR] 2025-12-12T00:41:35.917Z - Error fetching roster: {"message":"Server requests authentication using unknown plugin auth_gssapi_client. See TODO: add plugins doco here on how to configure or author authentication plugins.","code":"AUTH_SWITCH_PLUGIN_ERROR"}
[ERROR] 2025-12-12T00:41:35.921Z - Error in getTodayClasses: {"message":"Server requests authentication using unknown plugin auth_gssapi_client. See TODO: add plugins doco here on how to configure or author authentication plugins.","code":"AUTH_SWITCH_PLUGIN_ERROR"}
[ERROR] 2025-12-12T00:41:35.923Z - Error fetching today classes: {"message":"Server requests authentication using unknown plugin auth_gssapi_client. See TODO: add plugins doco here on how to configure or author authentication plugins.","code":"AUTH_SWITCH_PLUGIN_ERROR"}
[ERROR] 2025-12-12T00:50:08.091Z - Error in getLecturerOverview: {"message":"Server requests authentication using unknown plugin auth_gssapi_client. See TODO: add plugins doco here on how to configure or author authentication plugins.","code":"AUTH_SWITCH_PLUGIN_ERROR"}
[ERROR] 2025-12-12T00:50:08.099Z - Error fetching lecturer overview: {"message":"Server requests authentication using unknown plugin auth_gssapi_client. See TODO: add plugins doco here on how to configure or author authentication plugins.","code":"AUTH_SWITCH_PLUGIN_ERROR"}
[ERROR] 2025-12-12T00:50:08.105Z - Error in getLiveRoster: {"message":"Server requests authentication using unknown plugin auth_gssapi_client. See TODO: add plugins doco here on how to configure or author authentication plugins.","code":"AUTH_SWITCH_PLUGIN_ERROR"}
[ERROR] 2025-12-12T00:50:08.106Z - Error fetching roster: {"message":"Server requests authentication using unknown plugin auth_gssapi_client. See TODO: add plugins doco here on how to configure or author authentication plugins.","code":"AUTH_SWITCH_PLUGIN_ERROR"}
[ERROR] 2025-12-12T00:50:08.107Z - Error in getTodayClasses: {"message":"Server requests authentication using unknown plugin auth_gssapi_client. See TODO: add plugins doco here on how to configure or author authentication plugins.","code":"AUTH_SWITCH_PLUGIN_ERROR"}
[ERROR] 2025-12-12T00:50:08.109Z - Error fetching today classes: {"message":"Server requests authentication using unknown plugin auth_gssapi_client. See TODO: add plugins doco here on how to configure or author authentication plugins.","code":"AUTH_SWITCH_PLUGIN_ERROR"}
[INFO] 2025-12-12T00:50:10.240Z - Client disconnected: g0Rvf5lOTxPkJvbXAAAH {}
[INFO] 2025-12-12T00:50:11.237Z - New client connected: nw7TxnMe8X6BkCC1AAAJ {}
[INFO] 2025-12-12T00:50:11.242Z - User 8 joined notification room {"socketId":"nw7TxnMe8X6BkCC1AAAJ"}
[INFO] 2025-12-12T00:50:11.245Z - Client joined course general {"socketId":"nw7TxnMe8X6BkCC1AAAJ"}
[ERROR] 2025-12-12T00:50:11.272Z - Error in getLecturerOverview: {"message":"Server requests authentication using unknown plugin auth_gssapi_client. See TODO: add plugins doco here on how to configure or author authentication plugins.","code":"AUTH_SWITCH_PLUGIN_ERROR"}
[ERROR] 2025-12-12T00:50:11.273Z - Error fetching lecturer overview: {"message":"Server requests authentication using unknown plugin auth_gssapi_client. See TODO: add plugins doco here on how to configure or author authentication plugins.","code":"AUTH_SWITCH_PLUGIN_ERROR"}
[ERROR] 2025-12-12T00:50:11.284Z - Error in getTodayClasses: {"message":"Server requests authentication using unknown plugin auth_gssapi_client. See TODO: add plugins doco here on how to configure or author authentication plugins.","code":"AUTH_SWITCH_PLUGIN_ERROR"}
[ERROR] 2025-12-12T00:50:11.286Z - Error fetching today classes: {"message":"Server requests authentication using unknown plugin auth_gssapi_client. See TODO: add plugins doco here on how to configure or author authentication plugins.","code":"AUTH_SWITCH_PLUGIN_ERROR"}
[ERROR] 2025-12-12T00:50:11.297Z - Error in getLiveRoster: {"message":"Server requests authentication using unknown plugin auth_gssapi_client. See TODO: add plugins doco here on how to configure or author authentication plugins.","code":"AUTH_SWITCH_PLUGIN_ERROR"}
[ERROR] 2025-12-12T00:50:11.298Z - Error fetching roster: {"message":"Server requests authentication using unknown plugin auth_gssapi_client. See TODO: add plugins doco here on how to configure or author authentication plugins.","code":"AUTH_SWITCH_PLUGIN_ERROR"}
[INFO] 2025-12-12T00:50:12.940Z - Client disconnected: nw7TxnMe8X6BkCC1AAAJ {}
[INFO] 2025-12-12T00:50:13.210Z - New client connected: D-KnR9umncMqJcQRAAAL {}
[INFO] 2025-12-12T00:50:13.211Z - User 8 joined notification room {"socketId":"D-KnR9umncMqJcQRAAAL"}
[INFO] 2025-12-12T00:50:13.212Z - Client joined course general {"socketId":"D-KnR9umncMqJcQRAAAL"}
[ERROR] 2025-12-12T00:50:13.215Z - Error in getLecturerOverview: {"message":"Server requests authentication using unknown plugin auth_gssapi_client. See TODO: add plugins doco here on how to configure or author authentication plugins.","code":"AUTH_SWITCH_PLUGIN_ERROR"}
[ERROR] 2025-12-12T00:50:13.216Z - Error fetching lecturer overview: {"message":"Server requests authentication using unknown plugin auth_gssapi_client. See TODO: add plugins doco here on how to configure or author authentication plugins.","code":"AUTH_SWITCH_PLUGIN_ERROR"}
[ERROR] 2025-12-12T00:50:13.220Z - Error in getTodayClasses: {"message":"Server requests authentication using unknown plugin auth_gssapi_client. See TODO: add plugins doco here on how to configure or author authentication plugins.","code":"AUTH_SWITCH_PLUGIN_ERROR"}
[ERROR] 2025-12-12T00:50:13.221Z - Error fetching today classes: {"message":"Server requests authentication using unknown plugin auth_gssapi_client. See TODO: add plugins doco here on how to configure or author authentication plugins.","code":"AUTH_SWITCH_PLUGIN_ERROR"}
[ERROR] 2025-12-12T00:50:13.223Z - Error in getLiveRoster: {"message":"Server requests authentication using unknown plugin auth_gssapi_client. See TODO: add plugins doco here on how to configure or author authentication plugins.","code":"AUTH_SWITCH_PLUGIN_ERROR"}
[ERROR] 2025-12-12T00:50:13.224Z - Error fetching roster: {"message":"Server requests authentication using unknown plugin auth_gssapi_client. See TODO: add plugins doco here on how to configure or author authentication plugins.","code":"AUTH_SWITCH_PLUGIN_ERROR"}
[ERROR] 2025-12-12T00:50:35.398Z - Error in getTodayClasses: {"message":"Server requests authentication using unknown plugin auth_gssapi_client. See TODO: add plugins doco here on how to configure or author authentication plugins.","code":"AUTH_SWITCH_PLUGIN_ERROR"}
[ERROR] 2025-12-12T00:50:35.399Z - Error fetching today classes: {"message":"Server requests authentication using unknown plugin auth_gssapi_client. See TODO: add plugins doco here on how to configure or author authentication plugins.","code":"AUTH_SWITCH_PLUGIN_ERROR"}
[ERROR] 2025-12-12T00:50:35.402Z - Error in getLecturerOverview: {"message":"Server requests authentication using unknown plugin auth_gssapi_client. See TODO: add plugins doco here on how to configure or author authentication plugins.","code":"AUTH_SWITCH_PLUGIN_ERROR"}
[ERROR] 2025-12-12T00:50:35.403Z - Error fetching lecturer overview: {"message":"Server requests authentication using unknown plugin auth_gssapi_client. See TODO: add plugins doco here on how to configure or author authentication plugins.","code":"AUTH_SWITCH_PLUGIN_ERROR"}
[ERROR] 2025-12-12T00:50:35.405Z - Error in getLiveRoster: {"message":"Server requests authentication using unknown plugin auth_gssapi_client. See TODO: add plugins doco here on how to configure or author authentication plugins.","code":"AUTH_SWITCH_PLUGIN_ERROR"}
[ERROR] 2025-12-12T00:50:35.406Z - Error fetching roster: {"message":"Server requests authentication using unknown plugin auth_gssapi_client. See TODO: add plugins doco here on how to configure or author authentication plugins.","code":"AUTH_SWITCH_PLUGIN_ERROR"}
[INFO] 2025-12-12T00:56:55.761Z - Server running on port 5002 {"env":"development"}
[ERROR] 2025-12-12T00:57:45.044Z - Error in getLecturerOverview: {"message":"Server requests authentication using unknown plugin auth_gssapi_client. See TODO: add plugins doco here on how to configure or author authentication plugins.","code":"AUTH_SWITCH_PLUGIN_ERROR"}
[ERROR] 2025-12-12T00:57:45.045Z - Error fetching lecturer overview: {"message":"Server requests authentication using unknown plugin auth_gssapi_client. See TODO: add plugins doco here on how to configure or author authentication plugins.","code":"AUTH_SWITCH_PLUGIN_ERROR"}
[ERROR] 2025-12-12T00:57:45.077Z - Error in getTodayClasses: {"message":"Server requests authentication using unknown plugin auth_gssapi_client. See TODO: add plugins doco here on how to configure or author authentication plugins.","code":"AUTH_SWITCH_PLUGIN_ERROR"}
[ERROR] 2025-12-12T00:57:45.078Z - Error fetching today classes: {"message":"Server requests authentication using unknown plugin auth_gssapi_client. See TODO: add plugins doco here on how to configure or author authentication plugins.","code":"AUTH_SWITCH_PLUGIN_ERROR"}
[ERROR] 2025-12-12T00:57:45.085Z - Error in getLiveRoster: {"message":"Server requests authentication using unknown plugin auth_gssapi_client. See TODO: add plugins doco here on how to configure or author authentication plugins.","code":"AUTH_SWITCH_PLUGIN_ERROR"}
[ERROR] 2025-12-12T00:57:45.086Z - Error fetching roster: {"message":"Server requests authentication using unknown plugin auth_gssapi_client. See TODO: add plugins doco here on how to configure or author authentication plugins.","code":"AUTH_SWITCH_PLUGIN_ERROR"}
[INFO] 2025-12-12T13:26:33.202Z - Server running on port 5002 {"env":"development"}
[INFO] 2025-12-12T13:26:51.614Z - New client connected: gJwgO7GGsvdBTvAcAAAB {}
[INFO] 2025-12-12T13:26:51.641Z - User 6 joined notification room {"socketId":"gJwgO7GGsvdBTvAcAAAB"}
[INFO] 2025-12-12T13:26:51.665Z - Client joined course general {"socketId":"gJwgO7GGsvdBTvAcAAAB"}
[INFO] 2025-12-12T13:54:14.594Z - Server running on port 3001 {"env":"development"}
[INFO] 2025-12-12T13:55:43.464Z - Server running on port 5002 {"env":"development"}
[INFO] 2025-12-12T14:05:01.958Z - New client connected: 255yudc5rHsnHYFdAAAB {}
[INFO] 2025-12-12T14:05:01.969Z - User 6 joined notification room {"socketId":"255yudc5rHsnHYFdAAAB"}
[INFO] 2025-12-12T14:05:01.971Z - Client joined course general {"socketId":"255yudc5rHsnHYFdAAAB"}
[INFO] 2025-12-12T14:05:02.037Z - Client disconnected: 255yudc5rHsnHYFdAAAB {}
[INFO] 2025-12-12T14:08:24.708Z - New client connected: kLW42gKmWeZvWa0MAAAD {}
[INFO] 2025-12-12T14:08:24.710Z - User 8 joined notification room {"socketId":"kLW42gKmWeZvWa0MAAAD"}
[INFO] 2025-12-12T14:08:24.712Z - Client joined course general {"socketId":"kLW42gKmWeZvWa0MAAAD"}
[ERROR] 2025-12-12T14:08:24.795Z - Error in getTodayClasses: {"message":"Server requests authentication using unknown plugin auth_gssapi_client. See TODO: add plugins doco here on how to configure or author authentication plugins.","code":"AUTH_SWITCH_PLUGIN_ERROR"}
[ERROR] 2025-12-12T14:08:24.795Z - Error fetching today classes: {"message":"Server requests authentication using unknown plugin auth_gssapi_client. See TODO: add plugins doco here on how to configure or author authentication plugins.","code":"AUTH_SWITCH_PLUGIN_ERROR"}
[ERROR] 2025-12-12T14:08:24.797Z - Error in getLiveRoster: {"message":"Server requests authentication using unknown plugin auth_gssapi_client. See TODO: add plugins doco here on how to configure or author authentication plugins.","code":"AUTH_SWITCH_PLUGIN_ERROR"}
[ERROR] 2025-12-12T14:08:24.799Z - Error fetching roster: {"message":"Server requests authentication using unknown plugin auth_gssapi_client. See TODO: add plugins doco here on how to configure or author authentication plugins.","code":"AUTH_SWITCH_PLUGIN_ERROR"}
[ERROR] 2025-12-12T14:08:24.800Z - Error in getLecturerOverview: {"message":"Server requests authentication using unknown plugin auth_gssapi_client. See TODO: add plugins doco here on how to configure or author authentication plugins.","code":"AUTH_SWITCH_PLUGIN_ERROR"}
[ERROR] 2025-12-12T14:08:24.800Z - Error fetching lecturer overview: {"message":"Server requests authentication using unknown plugin auth_gssapi_client. See TODO: add plugins doco here on how to configure or author authentication plugins.","code":"AUTH_SWITCH_PLUGIN_ERROR"}
[ERROR] 2025-12-12T14:09:42.401Z - Error in getLecturerOverview: {"message":"Server requests authentication using unknown plugin auth_gssapi_client. See TODO: add plugins doco here on how to configure or author authentication plugins.","code":"AUTH_SWITCH_PLUGIN_ERROR"}
[ERROR] 2025-12-12T14:09:42.402Z - Error fetching lecturer overview: {"message":"Server requests authentication using unknown plugin auth_gssapi_client. See TODO: add plugins doco here on how to configure or author authentication plugins.","code":"AUTH_SWITCH_PLUGIN_ERROR"}
[ERROR] 2025-12-12T14:09:42.404Z - Error in getTodayClasses: {"message":"Server requests authentication using unknown plugin auth_gssapi_client. See TODO: add plugins doco here on how to configure or author authentication plugins.","code":"AUTH_SWITCH_PLUGIN_ERROR"}
[ERROR] 2025-12-12T14:09:42.405Z - Error fetching today classes: {"message":"Server requests authentication using unknown plugin auth_gssapi_client. See TODO: add plugins doco here on how to configure or author authentication plugins.","code":"AUTH_SWITCH_PLUGIN_ERROR"}
[ERROR] 2025-12-12T14:09:42.408Z - Error in getLiveRoster: {"message":"Server requests authentication using unknown plugin auth_gssapi_client. See TODO: add plugins doco here on how to configure or author authentication plugins.","code":"AUTH_SWITCH_PLUGIN_ERROR"}
[ERROR] 2025-12-12T14:09:42.409Z - Error fetching roster: {"message":"Server requests authentication using unknown plugin auth_gssapi_client. See TODO: add plugins doco here on how to configure or author authentication plugins.","code":"AUTH_SWITCH_PLUGIN_ERROR"}
[INFO] 2025-12-12T14:11:07.558Z - New client connected: waPWqFMN2FTYHAZ_AAAF {}
[INFO] 2025-12-12T14:11:07.561Z - User 6 joined notification room {"socketId":"waPWqFMN2FTYHAZ_AAAF"}
[INFO] 2025-12-12T14:11:07.564Z - Client joined course general {"socketId":"waPWqFMN2FTYHAZ_AAAF"}
[ERROR] 2025-12-12T14:13:10.499Z - [2025-12-12T14:13:10.499Z] 500 - Invalid email or password {"url":"/auth/login","method":"POST"}
[INFO] 2025-12-12T14:25:09.299Z - Server running on port 5002 {"env":"development"}
[INFO] 2025-12-12T14:25:09.436Z - New client connected: RcmjwNJqi26TT3-UAAAB {}
[INFO] 2025-12-12T14:25:09.439Z - User 6 joined notification room {"socketId":"RcmjwNJqi26TT3-UAAAB"}
[INFO] 2025-12-12T14:25:09.441Z - Client joined course general {"socketId":"RcmjwNJqi26TT3-UAAAB"}
[INFO] 2025-12-12T14:25:13.466Z - New client connected: 6bGnbo7VXIWg8hR7AAAD {}
[INFO] 2025-12-12T14:25:13.469Z - User 8 joined notification room {"socketId":"6bGnbo7VXIWg8hR7AAAD"}
[INFO] 2025-12-12T14:25:13.471Z - Client joined course general {"socketId":"6bGnbo7VXIWg8hR7AAAD"}
[INFO] 2025-12-12T14:25:23.657Z - New client connected: siShWfG5E3hD1KRKAAAF {}
[INFO] 2025-12-12T14:25:23.664Z - User 6 joined notification room {"socketId":"siShWfG5E3hD1KRKAAAF"}
[INFO] 2025-12-12T14:25:23.666Z - Client joined course general {"socketId":"siShWfG5E3hD1KRKAAAF"}
[INFO] 2025-12-12T14:53:08.406Z - Server running on port 5002 {"env":"development"}
[INFO] 2025-12-12T14:53:25.120Z - New client connected: 30NxKJd-mjr2ALgbAAAB {}
[INFO] 2025-12-12T14:53:25.154Z - User 6 joined notification room {"socketId":"30NxKJd-mjr2ALgbAAAB"}
[INFO] 2025-12-12T14:53:25.155Z - Client joined course general {"socketId":"30NxKJd-mjr2ALgbAAAB"}
[INFO] 2025-12-12T14:54:26.823Z - Client disconnected: 30NxKJd-mjr2ALgbAAAB {}
[INFO] 2025-12-12T14:55:21.142Z - New client connected: elo9Vu6tOcs6-xhWAAAD {}
[INFO] 2025-12-12T14:55:21.144Z - User 15 joined notification room {"socketId":"elo9Vu6tOcs6-xhWAAAD"}
[INFO] 2025-12-12T14:55:21.146Z - Client joined course general {"socketId":"elo9Vu6tOcs6-xhWAAAD"}
[INFO] 2025-12-12T14:55:21.240Z - Client disconnected: elo9Vu6tOcs6-xhWAAAD {}
[INFO] 2025-12-12T15:02:10.833Z - New client connected: TXtw3NPrmNzRSCC6AAAF {}
[INFO] 2025-12-12T15:02:10.837Z - User 15 joined notification room {"socketId":"TXtw3NPrmNzRSCC6AAAF"}
[INFO] 2025-12-12T15:02:10.838Z - Client joined course general {"socketId":"TXtw3NPrmNzRSCC6AAAF"}
[INFO] 2025-12-12T15:02:10.899Z - Client disconnected: TXtw3NPrmNzRSCC6AAAF {}
[INFO] 2025-12-12T15:02:16.957Z - New client connected: K_sduBu39V-oRHE9AAAH {}
[INFO] 2025-12-12T15:02:16.960Z - User 15 joined notification room {"socketId":"K_sduBu39V-oRHE9AAAH"}
[INFO] 2025-12-12T15:02:16.961Z - Client joined course general {"socketId":"K_sduBu39V-oRHE9AAAH"}
[INFO] 2025-12-12T15:02:17.002Z - Client disconnected: K_sduBu39V-oRHE9AAAH {}
[INFO] 2025-12-12T15:02:18.223Z - New client connected: QgVRD1JxLwrdWp_9AAAJ {}
[INFO] 2025-12-12T15:02:18.227Z - User 15 joined notification room {"socketId":"QgVRD1JxLwrdWp_9AAAJ"}
[INFO] 2025-12-12T15:02:18.229Z - Client joined course general {"socketId":"QgVRD1JxLwrdWp_9AAAJ"}
[INFO] 2025-12-12T15:02:18.265Z - Client disconnected: QgVRD1JxLwrdWp_9AAAJ {}
[INFO] 2025-12-12T15:02:18.460Z - New client connected: OKNDp08ev7QaW88WAAAL {}
[INFO] 2025-12-12T15:02:18.463Z - User 15 joined notification room {"socketId":"OKNDp08ev7QaW88WAAAL"}
[INFO] 2025-12-12T15:02:18.465Z - Client joined course general {"socketId":"OKNDp08ev7QaW88WAAAL"}
[INFO] 2025-12-12T15:02:18.504Z - Client disconnected: OKNDp08ev7QaW88WAAAL {}
[INFO] 2025-12-12T15:02:18.628Z - New client connected: nlnlSWKvUQyjVbzFAAAN {}
[INFO] 2025-12-12T15:02:18.630Z - User 15 joined notification room {"socketId":"nlnlSWKvUQyjVbzFAAAN"}
[INFO] 2025-12-12T15:02:18.632Z - Client joined course general {"socketId":"nlnlSWKvUQyjVbzFAAAN"}
[INFO] 2025-12-12T15:02:18.682Z - Client disconnected: nlnlSWKvUQyjVbzFAAAN {}
[INFO] 2025-12-12T15:02:19.232Z - New client connected: OanTSFTTxYh0HtgQAAAP {}
[INFO] 2025-12-12T15:02:19.237Z - User 15 joined notification room {"socketId":"OanTSFTTxYh0HtgQAAAP"}
[INFO] 2025-12-12T15:02:19.239Z - Client joined course general {"socketId":"OanTSFTTxYh0HtgQAAAP"}
[INFO] 2025-12-12T15:02:19.278Z - Client disconnected: OanTSFTTxYh0HtgQAAAP {}
[INFO] 2025-12-12T15:02:19.811Z - New client connected: wHecQwAV6V_SvNBbAAAR {}
[INFO] 2025-12-12T15:02:19.815Z - User 15 joined notification room {"socketId":"wHecQwAV6V_SvNBbAAAR"}
[INFO] 2025-12-12T15:02:19.816Z - Client joined course general {"socketId":"wHecQwAV6V_SvNBbAAAR"}
[INFO] 2025-12-12T15:02:19.846Z - Client disconnected: wHecQwAV6V_SvNBbAAAR {}
[INFO] 2025-12-12T15:02:20.785Z - New client connected: didqn_IpqWXfyBpIAAAT {}
[INFO] 2025-12-12T15:02:20.788Z - User 15 joined notification room {"socketId":"didqn_IpqWXfyBpIAAAT"}
[INFO] 2025-12-12T15:02:20.790Z - Client joined course general {"socketId":"didqn_IpqWXfyBpIAAAT"}
[INFO] 2025-12-12T15:02:20.839Z - Client disconnected: didqn_IpqWXfyBpIAAAT {}
[INFO] 2025-12-12T15:02:22.442Z - New client connected: SHgZV--y72zQYXriAAAV {}
[INFO] 2025-12-12T15:02:22.444Z - User 15 joined notification room {"socketId":"SHgZV--y72zQYXriAAAV"}
[INFO] 2025-12-12T15:02:22.446Z - Client joined course general {"socketId":"SHgZV--y72zQYXriAAAV"}
[INFO] 2025-12-12T15:02:22.491Z - Client disconnected: SHgZV--y72zQYXriAAAV {}
[INFO] 2025-12-12T15:03:20.464Z - New client connected: Nzvw2WE3zwx_oWg8AAAX {}
[INFO] 2025-12-12T15:03:20.465Z - User 15 joined notification room {"socketId":"Nzvw2WE3zwx_oWg8AAAX"}
[INFO] 2025-12-12T15:03:20.466Z - Client joined course general {"socketId":"Nzvw2WE3zwx_oWg8AAAX"}
[INFO] 2025-12-12T15:03:20.509Z - Client disconnected: Nzvw2WE3zwx_oWg8AAAX {}
[INFO] 2025-12-12T15:03:29.443Z - New client connected: pCrGCXd5t8ZFPhyrAAAZ {}
[INFO] 2025-12-12T15:03:29.446Z - User 15 joined notification room {"socketId":"pCrGCXd5t8ZFPhyrAAAZ"}
[INFO] 2025-12-12T15:03:29.448Z - Client joined course general {"socketId":"pCrGCXd5t8ZFPhyrAAAZ"}
[INFO] 2025-12-12T15:03:29.526Z - Client disconnected: pCrGCXd5t8ZFPhyrAAAZ {}
[INFO] 2025-12-12T15:03:36.480Z - New client connected: BHeb29uVoOL3FaIRAAAb {}
[INFO] 2025-12-12T15:03:36.484Z - User 15 joined notification room {"socketId":"BHeb29uVoOL3FaIRAAAb"}
[INFO] 2025-12-12T15:03:36.485Z - Client joined course general {"socketId":"BHeb29uVoOL3FaIRAAAb"}
[INFO] 2025-12-12T15:22:42.226Z - Client disconnected: BHeb29uVoOL3FaIRAAAb {}
[INFO] 2025-12-12T15:22:43.235Z - New client connected: 9z7HWgzOnC8Rth1FAAAd {}
[INFO] 2025-12-12T15:22:43.239Z - User 15 joined notification room {"socketId":"9z7HWgzOnC8Rth1FAAAd"}
[INFO] 2025-12-12T15:22:43.241Z - Client joined course general {"socketId":"9z7HWgzOnC8Rth1FAAAd"}
[INFO] 2025-12-12T15:25:45.450Z - Client disconnected: 9z7HWgzOnC8Rth1FAAAd {}
[INFO] 2025-12-12T15:25:49.415Z - New client connected: v2oFSK5JnUD0btWNAAAf {}
[INFO] 2025-12-12T15:25:49.417Z - User 15 joined notification room {"socketId":"v2oFSK5JnUD0btWNAAAf"}
[INFO] 2025-12-12T15:25:49.419Z - Client joined course general {"socketId":"v2oFSK5JnUD0btWNAAAf"}
[INFO] 2025-12-12T15:25:56.561Z - Client disconnected: v2oFSK5JnUD0btWNAAAf {}
[INFO] 2025-12-12T15:26:11.485Z - New client connected: adObXcD9O7WLnue9AAAh {}
[INFO] 2025-12-12T15:26:11.486Z - User 15 joined notification room {"socketId":"adObXcD9O7WLnue9AAAh"}
[INFO] 2025-12-12T15:26:11.490Z - Client joined course general {"socketId":"adObXcD9O7WLnue9AAAh"}
[INFO] 2025-12-12T15:40:50.423Z - Client disconnected: adObXcD9O7WLnue9AAAh {}
[INFO] 2025-12-12T15:40:54.497Z - New client connected: t925MaEX_uZFCl3gAAAj {}
[INFO] 2025-12-12T15:40:54.508Z - User 15 joined notification room {"socketId":"t925MaEX_uZFCl3gAAAj"}
[INFO] 2025-12-12T15:40:54.515Z - Client joined course general {"socketId":"t925MaEX_uZFCl3gAAAj"}
[INFO] 2025-12-12T15:41:04.993Z - Client disconnected: t925MaEX_uZFCl3gAAAj {}
[INFO] 2025-12-12T15:41:17.740Z - New client connected: oLB9gv35ufk-hbVnAAAl {}
[INFO] 2025-12-12T15:41:17.744Z - User 15 joined notification room {"socketId":"oLB9gv35ufk-hbVnAAAl"}
[INFO] 2025-12-12T15:41:17.745Z - Client joined course general {"socketId":"oLB9gv35ufk-hbVnAAAl"}
[INFO] 2025-12-12T16:12:23.580Z - Client disconnected: oLB9gv35ufk-hbVnAAAl {}
[INFO] 2025-12-12T16:12:24.678Z - New client connected: gN4xuanQhL9N_cMbAAAn {}
[INFO] 2025-12-12T16:12:24.692Z - User 15 joined notification room {"socketId":"gN4xuanQhL9N_cMbAAAn"}
[INFO] 2025-12-12T16:12:24.696Z - Client joined course general {"socketId":"gN4xuanQhL9N_cMbAAAn"}
[INFO] 2025-12-12T16:29:50.010Z - Client disconnected: gN4xuanQhL9N_cMbAAAn {}
[INFO] 2025-12-12T16:29:52.039Z - New client connected: yKBT2RB4ZNlX4y_JAAAp {}
[INFO] 2025-12-12T16:29:52.041Z - User 15 joined notification room {"socketId":"yKBT2RB4ZNlX4y_JAAAp"}
[INFO] 2025-12-12T16:29:52.044Z - Client joined course general {"socketId":"yKBT2RB4ZNlX4y_JAAAp"}
[INFO] 2025-12-12T16:30:07.381Z - Client disconnected: yKBT2RB4ZNlX4y_JAAAp {}
[INFO] 2025-12-12T16:30:07.568Z - New client connected: 32RMD5AAkVQLnLPFAAAr {}
[INFO] 2025-12-12T16:30:07.570Z - User 15 joined notification room {"socketId":"32RMD5AAkVQLnLPFAAAr"}
[INFO] 2025-12-12T16:30:07.575Z - Client joined course general {"socketId":"32RMD5AAkVQLnLPFAAAr"}
[INFO] 2025-12-12T16:30:09.106Z - Client disconnected: 32RMD5AAkVQLnLPFAAAr {}
[INFO] 2025-12-12T16:30:12.445Z - New client connected: usIlXoXULTCflZ9DAAAt {}
[INFO] 2025-12-12T16:30:12.450Z - User 15 joined notification room {"socketId":"usIlXoXULTCflZ9DAAAt"}
[INFO] 2025-12-12T16:30:12.451Z - Client joined course general {"socketId":"usIlXoXULTCflZ9DAAAt"}
[INFO] 2025-12-12T16:33:11.880Z - Client disconnected: usIlXoXULTCflZ9DAAAt {}
[INFO] 2025-12-12T16:33:12.093Z - New client connected: fFX1gBB6cIRPRSRyAAAv {}
[INFO] 2025-12-12T16:33:12.095Z - User 15 joined notification room {"socketId":"fFX1gBB6cIRPRSRyAAAv"}
[INFO] 2025-12-12T16:33:12.096Z - Client joined course general {"socketId":"fFX1gBB6cIRPRSRyAAAv"}
[INFO] 2025-12-12T16:33:32.104Z - Client disconnected: fFX1gBB6cIRPRSRyAAAv {}
[INFO] 2025-12-12T16:33:32.261Z - New client connected: CRacdVMwaIAupB-LAAAx {}
[INFO] 2025-12-12T16:33:32.264Z - User 15 joined notification room {"socketId":"CRacdVMwaIAupB-LAAAx"}
[INFO] 2025-12-12T16:33:32.267Z - Client joined course general {"socketId":"CRacdVMwaIAupB-LAAAx"}
[INFO] 2025-12-12T16:33:50.105Z - Client disconnected: CRacdVMwaIAupB-LAAAx {}
[INFO] 2025-12-12T16:41:04.611Z - Server running on port 5002 {"env":"development"}
[ERROR] 2025-12-12T16:42:50.153Z - [2025-12-12T16:42:50.152Z] 500 - User already exists {"url":"/auth/register","method":"POST"}
[INFO] 2025-12-12T16:44:02.163Z - New client connected: ctZVL4arGWiva2dEAAAB {}
[INFO] 2025-12-12T16:44:02.166Z - User 16 joined notification room {"socketId":"ctZVL4arGWiva2dEAAAB"}
[INFO] 2025-12-12T16:44:02.170Z - Client joined course general {"socketId":"ctZVL4arGWiva2dEAAAB"}
[INFO] 2025-12-12T16:50:54.089Z - Server running on port 5002 {"env":"development"}
[INFO] 2025-12-12T16:51:10.177Z - New client connected: 8H46-pWsu0_p0HtIAAAB {}
[INFO] 2025-12-12T16:51:10.184Z - User 16 joined notification room {"socketId":"8H46-pWsu0_p0HtIAAAB"}
[INFO] 2025-12-12T16:51:10.188Z - Client joined course general {"socketId":"8H46-pWsu0_p0HtIAAAB"}
[INFO] 2025-12-12T16:51:11.423Z - New client connected: wj8AMopqFIxopwqIAAAD {}
[INFO] 2025-12-12T16:51:11.427Z - User 16 joined notification room {"socketId":"wj8AMopqFIxopwqIAAAD"}
[INFO] 2025-12-12T16:51:11.430Z - Client joined course general {"socketId":"wj8AMopqFIxopwqIAAAD"}
[INFO] 2025-12-12T16:51:14.064Z - Client disconnected: 8H46-pWsu0_p0HtIAAAB {}
[INFO] 2025-12-12T16:51:14.715Z - New client connected: -BFJYWpCXfQ3Pwu4AAAF {}
[INFO] 2025-12-12T16:51:14.717Z - User 16 joined notification room {"socketId":"-BFJYWpCXfQ3Pwu4AAAF"}
[INFO] 2025-12-12T16:51:14.719Z - Client joined course general {"socketId":"-BFJYWpCXfQ3Pwu4AAAF"}
[INFO] 2025-12-12T16:51:16.535Z - Client disconnected: -BFJYWpCXfQ3Pwu4AAAF {}
[INFO] 2025-12-12T16:51:16.755Z - New client connected: wh0sH1B3NX4N-ygRAAAH {}
[INFO] 2025-12-12T16:51:16.759Z - User 16 joined notification room {"socketId":"wh0sH1B3NX4N-ygRAAAH"}
[INFO] 2025-12-12T16:51:16.761Z - Client joined course general {"socketId":"wh0sH1B3NX4N-ygRAAAH"}
[INFO] 2025-12-12T16:51:22.524Z - Client disconnected: wh0sH1B3NX4N-ygRAAAH {}
[INFO] 2025-12-12T16:51:22.851Z - New client connected: 4e9ycTNMf5kZzLhdAAAJ {}
[INFO] 2025-12-12T16:51:22.867Z - User 16 joined notification room {"socketId":"4e9ycTNMf5kZzLhdAAAJ"}
[INFO] 2025-12-12T16:51:22.876Z - Client joined course general {"socketId":"4e9ycTNMf5kZzLhdAAAJ"}
[INFO] 2025-12-12T16:51:24.231Z - Client disconnected: 4e9ycTNMf5kZzLhdAAAJ {}
[INFO] 2025-12-12T16:51:24.471Z - New client connected: q-5JnwLnX6T4eD_tAAAL {}
[INFO] 2025-12-12T16:51:24.475Z - User 16 joined notification room {"socketId":"q-5JnwLnX6T4eD_tAAAL"}
[INFO] 2025-12-12T16:51:24.477Z - Client joined course general {"socketId":"q-5JnwLnX6T4eD_tAAAL"}
[INFO] 2025-12-12T16:51:25.320Z - Client disconnected: q-5JnwLnX6T4eD_tAAAL {}
[INFO] 2025-12-12T16:51:25.605Z - New client connected: ErLxgtL5GRa4rluYAAAN {}
[INFO] 2025-12-12T16:51:25.607Z - User 16 joined notification room {"socketId":"ErLxgtL5GRa4rluYAAAN"}
[INFO] 2025-12-12T16:51:25.613Z - Client joined course general {"socketId":"ErLxgtL5GRa4rluYAAAN"}
[INFO] 2025-12-12T16:51:26.919Z - Client disconnected: ErLxgtL5GRa4rluYAAAN {}
[INFO] 2025-12-12T16:51:27.283Z - New client connected: RR6Qq3GLTVx6xuSCAAAP {}
[INFO] 2025-12-12T16:51:27.284Z - User 16 joined notification room {"socketId":"RR6Qq3GLTVx6xuSCAAAP"}
[INFO] 2025-12-12T16:51:27.288Z - Client joined course general {"socketId":"RR6Qq3GLTVx6xuSCAAAP"}
[INFO] 2025-12-12T16:51:28.215Z - Client disconnected: RR6Qq3GLTVx6xuSCAAAP {}
[INFO] 2025-12-12T16:51:28.411Z - New client connected: LaigIegTypI3Cuh9AAAR {}
[INFO] 2025-12-12T16:51:28.416Z - User 16 joined notification room {"socketId":"LaigIegTypI3Cuh9AAAR"}
[INFO] 2025-12-12T16:51:28.419Z - Client joined course general {"socketId":"LaigIegTypI3Cuh9AAAR"}
[INFO] 2025-12-12T16:51:29.858Z - Client disconnected: LaigIegTypI3Cuh9AAAR {}
[INFO] 2025-12-12T16:51:30.085Z - New client connected: VVv3uowmpTxE5s6_AAAT {}
[INFO] 2025-12-12T16:51:30.087Z - User 16 joined notification room {"socketId":"VVv3uowmpTxE5s6_AAAT"}
[INFO] 2025-12-12T16:51:30.089Z - Client joined course general {"socketId":"VVv3uowmpTxE5s6_AAAT"}
[INFO] 2025-12-12T16:51:31.237Z - Client disconnected: VVv3uowmpTxE5s6_AAAT {}
[INFO] 2025-12-12T16:51:31.460Z - New client connected: cnPpP7mQvNNK-M8WAAAV {}
[INFO] 2025-12-12T16:51:31.467Z - User 16 joined notification room {"socketId":"cnPpP7mQvNNK-M8WAAAV"}
[INFO] 2025-12-12T16:51:31.469Z - Client joined course general {"socketId":"cnPpP7mQvNNK-M8WAAAV"}
[INFO] 2025-12-12T16:51:33.702Z - Client disconnected: cnPpP7mQvNNK-M8WAAAV {}
[INFO] 2025-12-12T16:51:33.997Z - New client connected: 8NJW9mD76FfmiNiBAAAX {}
[INFO] 2025-12-12T16:51:34.000Z - User 16 joined notification room {"socketId":"8NJW9mD76FfmiNiBAAAX"}
[INFO] 2025-12-12T16:51:34.004Z - Client joined course general {"socketId":"8NJW9mD76FfmiNiBAAAX"}
[INFO] 2025-12-12T16:51:39.819Z - Client disconnected: 8NJW9mD76FfmiNiBAAAX {}
[INFO] 2025-12-12T16:51:55.007Z - New client connected: 5fkT6sLFanMtUbZlAAAZ {}
[INFO] 2025-12-12T16:51:55.015Z - User 16 joined notification room {"socketId":"5fkT6sLFanMtUbZlAAAZ"}
[INFO] 2025-12-12T16:51:55.016Z - Client joined course general {"socketId":"5fkT6sLFanMtUbZlAAAZ"}
[INFO] 2025-12-12T16:51:57.747Z - Client disconnected: 5fkT6sLFanMtUbZlAAAZ {}
[INFO] 2025-12-12T16:51:57.917Z - New client connected: kcv86nI7on8Ow7euAAAb {}
[INFO] 2025-12-12T16:51:57.920Z - User 16 joined notification room {"socketId":"kcv86nI7on8Ow7euAAAb"}
[INFO] 2025-12-12T16:51:57.922Z - Client joined course general {"socketId":"kcv86nI7on8Ow7euAAAb"}
[INFO] 2025-12-12T17:02:55.789Z - Server running on port 5002 {"env":"development"}
[INFO] 2025-12-12T17:03:32.670Z - New client connected: Wx3QPMRl2xEKJVdoAAAB {}
[INFO] 2025-12-12T17:03:32.684Z - User 16 joined notification room {"socketId":"Wx3QPMRl2xEKJVdoAAAB"}
[INFO] 2025-12-12T17:03:32.689Z - Client joined course general {"socketId":"Wx3QPMRl2xEKJVdoAAAB"}
[INFO] 2025-12-12T17:11:39.195Z - Client disconnected: Wx3QPMRl2xEKJVdoAAAB {}
[INFO] 2025-12-12T17:11:41.065Z - New client connected: 5U8YxLEuEydWAhmmAAAD {}
[INFO] 2025-12-12T17:11:41.177Z - User 16 joined notification room {"socketId":"5U8YxLEuEydWAhmmAAAD"}
[INFO] 2025-12-12T17:11:41.192Z - Client joined course general {"socketId":"5U8YxLEuEydWAhmmAAAD"}
[INFO] 2025-12-12T17:20:48.625Z - Server running on port 5002 {"env":"development"}
[INFO] 2025-12-12T17:22:49.099Z - New client connected: _X-Z0hiQFZu4zI9nAAAB {}
[INFO] 2025-12-12T17:22:49.143Z - User 17 joined notification room {"socketId":"_X-Z0hiQFZu4zI9nAAAB"}
[INFO] 2025-12-12T17:22:49.170Z - Client joined course general {"socketId":"_X-Z0hiQFZu4zI9nAAAB"}
[INFO] 2025-12-12T17:23:10.274Z - Client disconnected: _X-Z0hiQFZu4zI9nAAAB {}
[INFO] 2025-12-13T07:19:59.070Z - New client connected: J5PWKS72JT1qfQ-RAAAE {}
[INFO] 2025-12-13T07:19:59.109Z - User 17 joined notification room {"socketId":"J5PWKS72JT1qfQ-RAAAE"}
[INFO] 2025-12-13T07:19:59.123Z - Client joined course general {"socketId":"J5PWKS72JT1qfQ-RAAAE"}
[INFO] 2025-12-13T07:22:59.726Z - Client disconnected: J5PWKS72JT1qfQ-RAAAE {}
[INFO] 2025-12-13T07:22:59.821Z - New client connected: HkbxHiOV2Nl0Z9ndAAAG {}
[INFO] 2025-12-13T07:22:59.824Z - User 17 joined notification room {"socketId":"HkbxHiOV2Nl0Z9ndAAAG"}
[INFO] 2025-12-13T07:22:59.827Z - Client joined course general {"socketId":"HkbxHiOV2Nl0Z9ndAAAG"}
[INFO] 2025-12-13T07:24:09.872Z - Client disconnected: HkbxHiOV2Nl0Z9ndAAAG {}
